Start testing: Mar 11 13:43
----------------------------------------------------------
Unable to find executable: //wsl$/Ubuntu-18.04/home/yzhshiki/code/cs144_labs/cmake-build-debug/tests/wrapping_integers_cmp.exe
1/169 Testing: t_wrapping_ints_cmp
1/169 Test: t_wrapping_ints_cmp
Command: ""
Directory: //wsl$/Ubuntu-18.04/home/yzhshiki/code/cs144_labs/cmake-build-debug
"t_wrapping_ints_cmp" start time: 
Output:
----------------------------------------------------------
<end of output>
Test time =   0.00 sec
----------------------------------------------------------
Test Passed.
"t_wrapping_ints_cmp" end time: Mar 11 13:43
"t_wrapping_ints_cmp" time elapsed: 00:00:00
----------------------------------------------------------

Unable to find executable: //wsl$/Ubuntu-18.04/home/yzhshiki/code/cs144_labs/cmake-build-debug/tests/wrapping_integers_unwrap.exe
2/169 Testing: t_wrapping_ints_unwrap
2/169 Test: t_wrapping_ints_unwrap
Command: ""
Directory: //wsl$/Ubuntu-18.04/home/yzhshiki/code/cs144_labs/cmake-build-debug
"t_wrapping_ints_unwrap" start time: 
Output:
----------------------------------------------------------
<end of output>
Test time =   0.00 sec
----------------------------------------------------------
Test Passed.
"t_wrapping_ints_unwrap" end time: Mar 11 13:43
"t_wrapping_ints_unwrap" time elapsed: 00:00:00
----------------------------------------------------------

Unable to find executable: //wsl$/Ubuntu-18.04/home/yzhshiki/code/cs144_labs/cmake-build-debug/tests/wrapping_integers_wrap.exe
3/169 Testing: t_wrapping_ints_wrap
3/169 Test: t_wrapping_ints_wrap
Command: ""
Directory: //wsl$/Ubuntu-18.04/home/yzhshiki/code/cs144_labs/cmake-build-debug
"t_wrapping_ints_wrap" start time: 
Output:
----------------------------------------------------------
<end of output>
Test time =   0.00 sec
----------------------------------------------------------
Test Passed.
"t_wrapping_ints_wrap" end time: Mar 11 13:43
"t_wrapping_ints_wrap" time elapsed: 00:00:00
----------------------------------------------------------

Unable to find executable: //wsl$/Ubuntu-18.04/home/yzhshiki/code/cs144_labs/cmake-build-debug/tests/wrapping_integers_roundtrip.exe
4/169 Testing: t_wrapping_ints_roundtrip
4/169 Test: t_wrapping_ints_roundtrip
Command: ""
Directory: //wsl$/Ubuntu-18.04/home/yzhshiki/code/cs144_labs/cmake-build-debug
"t_wrapping_ints_roundtrip" start time: 
Output:
----------------------------------------------------------
<end of output>
Test time =   0.00 sec
----------------------------------------------------------
Test Passed.
"t_wrapping_ints_roundtrip" end time: Mar 11 13:43
"t_wrapping_ints_roundtrip" time elapsed: 00:00:00
----------------------------------------------------------

Unable to find executable: //wsl$/Ubuntu-18.04/home/yzhshiki/code/cs144_labs/cmake-build-debug/tests/recv_connect.exe
5/169 Testing: t_recv_connect
5/169 Test: t_recv_connect
Command: ""
Directory: //wsl$/Ubuntu-18.04/home/yzhshiki/code/cs144_labs/cmake-build-debug
"t_recv_connect" start time: 
Output:
----------------------------------------------------------
<end of output>
Test time =   0.00 sec
----------------------------------------------------------
Test Passed.
"t_recv_connect" end time: Mar 11 13:43
"t_recv_connect" time elapsed: 00:00:00
----------------------------------------------------------

Unable to find executable: //wsl$/Ubuntu-18.04/home/yzhshiki/code/cs144_labs/cmake-build-debug/tests/recv_transmit.exe
6/169 Testing: t_recv_transmit
6/169 Test: t_recv_transmit
Command: ""
Directory: //wsl$/Ubuntu-18.04/home/yzhshiki/code/cs144_labs/cmake-build-debug
"t_recv_transmit" start time: 
Output:
----------------------------------------------------------
<end of output>
Test time =   0.00 sec
----------------------------------------------------------
Test Passed.
"t_recv_transmit" end time: Mar 11 13:43
"t_recv_transmit" time elapsed: 00:00:00
----------------------------------------------------------

Unable to find executable: //wsl$/Ubuntu-18.04/home/yzhshiki/code/cs144_labs/cmake-build-debug/tests/recv_window.exe
7/169 Testing: t_recv_window
7/169 Test: t_recv_window
Command: ""
Directory: //wsl$/Ubuntu-18.04/home/yzhshiki/code/cs144_labs/cmake-build-debug
"t_recv_window" start time: 
Output:
----------------------------------------------------------
<end of output>
Test time =   0.00 sec
----------------------------------------------------------
Test Passed.
"t_recv_window" end time: Mar 11 13:43
"t_recv_window" time elapsed: 00:00:00
----------------------------------------------------------

Unable to find executable: //wsl$/Ubuntu-18.04/home/yzhshiki/code/cs144_labs/cmake-build-debug/tests/recv_reorder.exe
8/169 Testing: t_recv_reorder
8/169 Test: t_recv_reorder
Command: ""
Directory: //wsl$/Ubuntu-18.04/home/yzhshiki/code/cs144_labs/cmake-build-debug
"t_recv_reorder" start time: 
Output:
----------------------------------------------------------
<end of output>
Test time =   0.00 sec
----------------------------------------------------------
Test Passed.
"t_recv_reorder" end time: Mar 11 13:43
"t_recv_reorder" time elapsed: 00:00:00
----------------------------------------------------------

Unable to find executable: //wsl$/Ubuntu-18.04/home/yzhshiki/code/cs144_labs/cmake-build-debug/tests/recv_close.exe
9/169 Testing: t_recv_close
9/169 Test: t_recv_close
Command: ""
Directory: //wsl$/Ubuntu-18.04/home/yzhshiki/code/cs144_labs/cmake-build-debug
"t_recv_close" start time: 
Output:
----------------------------------------------------------
<end of output>
Test time =   0.00 sec
----------------------------------------------------------
Test Passed.
"t_recv_close" end time: Mar 11 13:43
"t_recv_close" time elapsed: 00:00:00
----------------------------------------------------------

Unable to find executable: //wsl$/Ubuntu-18.04/home/yzhshiki/code/cs144_labs/cmake-build-debug/tests/recv_special.exe
10/169 Testing: t_recv_special
10/169 Test: t_recv_special
Command: ""
Directory: //wsl$/Ubuntu-18.04/home/yzhshiki/code/cs144_labs/cmake-build-debug
"t_recv_special" start time: 
Output:
----------------------------------------------------------
<end of output>
Test time =   0.00 sec
----------------------------------------------------------
Test Passed.
"t_recv_special" end time: Mar 11 13:43
"t_recv_special" time elapsed: 00:00:00
----------------------------------------------------------

Unable to find executable: //wsl$/Ubuntu-18.04/home/yzhshiki/code/cs144_labs/cmake-build-debug/tests/send_connect.exe
11/169 Testing: t_send_connect
11/169 Test: t_send_connect
Command: ""
Directory: //wsl$/Ubuntu-18.04/home/yzhshiki/code/cs144_labs/cmake-build-debug
"t_send_connect" start time: 
Output:
----------------------------------------------------------
<end of output>
Test time =   0.00 sec
----------------------------------------------------------
Test Passed.
"t_send_connect" end time: Mar 11 13:43
"t_send_connect" time elapsed: 00:00:00
----------------------------------------------------------

Unable to find executable: //wsl$/Ubuntu-18.04/home/yzhshiki/code/cs144_labs/cmake-build-debug/tests/send_transmit.exe
12/169 Testing: t_send_transmit
12/169 Test: t_send_transmit
Command: ""
Directory: //wsl$/Ubuntu-18.04/home/yzhshiki/code/cs144_labs/cmake-build-debug
"t_send_transmit" start time: 
Output:
----------------------------------------------------------
<end of output>
Test time =   0.00 sec
----------------------------------------------------------
Test Passed.
"t_send_transmit" end time: Mar 11 13:43
"t_send_transmit" time elapsed: 00:00:00
----------------------------------------------------------

Unable to find executable: //wsl$/Ubuntu-18.04/home/yzhshiki/code/cs144_labs/cmake-build-debug/tests/send_retx.exe
13/169 Testing: t_send_retx
13/169 Test: t_send_retx
Command: ""
Directory: //wsl$/Ubuntu-18.04/home/yzhshiki/code/cs144_labs/cmake-build-debug
"t_send_retx" start time: 
Output:
----------------------------------------------------------
<end of output>
Test time =   0.00 sec
----------------------------------------------------------
Test Passed.
"t_send_retx" end time: Mar 11 13:43
"t_send_retx" time elapsed: 00:00:00
----------------------------------------------------------

Unable to find executable: //wsl$/Ubuntu-18.04/home/yzhshiki/code/cs144_labs/cmake-build-debug/tests/send_window.exe
14/169 Testing: t_send_window
14/169 Test: t_send_window
Command: ""
Directory: //wsl$/Ubuntu-18.04/home/yzhshiki/code/cs144_labs/cmake-build-debug
"t_send_window" start time: 
Output:
----------------------------------------------------------
<end of output>
Test time =   0.00 sec
----------------------------------------------------------
Test Passed.
"t_send_window" end time: Mar 11 13:43
"t_send_window" time elapsed: 00:00:00
----------------------------------------------------------

Unable to find executable: //wsl$/Ubuntu-18.04/home/yzhshiki/code/cs144_labs/cmake-build-debug/tests/send_ack.exe
15/169 Testing: t_send_ack
15/169 Test: t_send_ack
Command: ""
Directory: //wsl$/Ubuntu-18.04/home/yzhshiki/code/cs144_labs/cmake-build-debug
"t_send_ack" start time: 
Output:
----------------------------------------------------------
<end of output>
Test time =   0.00 sec
----------------------------------------------------------
Test Passed.
"t_send_ack" end time: Mar 11 13:43
"t_send_ack" time elapsed: 00:00:00
----------------------------------------------------------

Unable to find executable: //wsl$/Ubuntu-18.04/home/yzhshiki/code/cs144_labs/cmake-build-debug/tests/send_close.exe
16/169 Testing: t_send_close
16/169 Test: t_send_close
Command: ""
Directory: //wsl$/Ubuntu-18.04/home/yzhshiki/code/cs144_labs/cmake-build-debug
"t_send_close" start time: 
Output:
----------------------------------------------------------
<end of output>
Test time =   0.00 sec
----------------------------------------------------------
Test Passed.
"t_send_close" end time: Mar 11 13:43
"t_send_close" time elapsed: 00:00:00
----------------------------------------------------------

Unable to find executable: //wsl$/Ubuntu-18.04/home/yzhshiki/code/cs144_labs/cmake-build-debug/tests/send_extra.exe
17/169 Testing: t_send_extra
17/169 Test: t_send_extra
Command: ""
Directory: //wsl$/Ubuntu-18.04/home/yzhshiki/code/cs144_labs/cmake-build-debug
"t_send_extra" start time: 
Output:
----------------------------------------------------------
<end of output>
Test time =   0.00 sec
----------------------------------------------------------
Test Passed.
"t_send_extra" end time: Mar 11 13:43
"t_send_extra" time elapsed: 00:00:00
----------------------------------------------------------

Unable to find executable: //wsl$/Ubuntu-18.04/home/yzhshiki/code/cs144_labs/cmake-build-debug/tests/fsm_stream_reassembler_single.exe
18/169 Testing: t_strm_reassem_single
18/169 Test: t_strm_reassem_single
Command: ""
Directory: //wsl$/Ubuntu-18.04/home/yzhshiki/code/cs144_labs/cmake-build-debug
"t_strm_reassem_single" start time: 
Output:
----------------------------------------------------------
<end of output>
Test time =   0.00 sec
----------------------------------------------------------
Test Passed.
"t_strm_reassem_single" end time: Mar 11 13:43
"t_strm_reassem_single" time elapsed: 00:00:00
----------------------------------------------------------

Unable to find executable: //wsl$/Ubuntu-18.04/home/yzhshiki/code/cs144_labs/cmake-build-debug/tests/fsm_stream_reassembler_seq.exe
19/169 Testing: t_strm_reassem_seq
19/169 Test: t_strm_reassem_seq
Command: ""
Directory: //wsl$/Ubuntu-18.04/home/yzhshiki/code/cs144_labs/cmake-build-debug
"t_strm_reassem_seq" start time: 
Output:
----------------------------------------------------------
<end of output>
Test time =   0.00 sec
----------------------------------------------------------
Test Passed.
"t_strm_reassem_seq" end time: Mar 11 13:43
"t_strm_reassem_seq" time elapsed: 00:00:00
----------------------------------------------------------

Unable to find executable: //wsl$/Ubuntu-18.04/home/yzhshiki/code/cs144_labs/cmake-build-debug/tests/fsm_stream_reassembler_dup.exe
20/169 Testing: t_strm_reassem_dup
20/169 Test: t_strm_reassem_dup
Command: ""
Directory: //wsl$/Ubuntu-18.04/home/yzhshiki/code/cs144_labs/cmake-build-debug
"t_strm_reassem_dup" start time: 
Output:
----------------------------------------------------------
<end of output>
Test time =   0.00 sec
----------------------------------------------------------
Test Passed.
"t_strm_reassem_dup" end time: Mar 11 13:43
"t_strm_reassem_dup" time elapsed: 00:00:00
----------------------------------------------------------

Unable to find executable: //wsl$/Ubuntu-18.04/home/yzhshiki/code/cs144_labs/cmake-build-debug/tests/fsm_stream_reassembler_holes.exe
21/169 Testing: t_strm_reassem_holes
21/169 Test: t_strm_reassem_holes
Command: ""
Directory: //wsl$/Ubuntu-18.04/home/yzhshiki/code/cs144_labs/cmake-build-debug
"t_strm_reassem_holes" start time: 
Output:
----------------------------------------------------------
<end of output>
Test time =   0.00 sec
----------------------------------------------------------
Test Passed.
"t_strm_reassem_holes" end time: Mar 11 13:43
"t_strm_reassem_holes" time elapsed: 00:00:00
----------------------------------------------------------

Unable to find executable: //wsl$/Ubuntu-18.04/home/yzhshiki/code/cs144_labs/cmake-build-debug/tests/fsm_stream_reassembler_many.exe
22/169 Testing: t_strm_reassem_many
22/169 Test: t_strm_reassem_many
Command: ""
Directory: //wsl$/Ubuntu-18.04/home/yzhshiki/code/cs144_labs/cmake-build-debug
"t_strm_reassem_many" start time: 
Output:
----------------------------------------------------------
<end of output>
Test time =   0.00 sec
----------------------------------------------------------
Test Passed.
"t_strm_reassem_many" end time: Mar 11 13:43
"t_strm_reassem_many" time elapsed: 00:00:00
----------------------------------------------------------

Unable to find executable: //wsl$/Ubuntu-18.04/home/yzhshiki/code/cs144_labs/cmake-build-debug/tests/fsm_stream_reassembler_overlapping.exe
23/169 Testing: t_strm_reassem_overlapping
23/169 Test: t_strm_reassem_overlapping
Command: ""
Directory: //wsl$/Ubuntu-18.04/home/yzhshiki/code/cs144_labs/cmake-build-debug
"t_strm_reassem_overlapping" start time: 
Output:
----------------------------------------------------------
<end of output>
Test time =   0.00 sec
----------------------------------------------------------
Test Passed.
"t_strm_reassem_overlapping" end time: Mar 11 13:43
"t_strm_reassem_overlapping" time elapsed: 00:00:00
----------------------------------------------------------

Unable to find executable: //wsl$/Ubuntu-18.04/home/yzhshiki/code/cs144_labs/cmake-build-debug/tests/fsm_stream_reassembler_win.exe
24/169 Testing: t_strm_reassem_win
24/169 Test: t_strm_reassem_win
Command: ""
Directory: //wsl$/Ubuntu-18.04/home/yzhshiki/code/cs144_labs/cmake-build-debug
"t_strm_reassem_win" start time: 
Output:
----------------------------------------------------------
<end of output>
Test time =   0.00 sec
----------------------------------------------------------
Test Passed.
"t_strm_reassem_win" end time: Mar 11 13:43
"t_strm_reassem_win" time elapsed: 00:00:00
----------------------------------------------------------

Unable to find executable: //wsl$/Ubuntu-18.04/home/yzhshiki/code/cs144_labs/cmake-build-debug/tests/fsm_stream_reassembler_cap.exe
25/169 Testing: t_strm_reassem_cap
25/169 Test: t_strm_reassem_cap
Command: ""
Directory: //wsl$/Ubuntu-18.04/home/yzhshiki/code/cs144_labs/cmake-build-debug
"t_strm_reassem_cap" start time: 
Output:
----------------------------------------------------------
<end of output>
Test time =   0.00 sec
----------------------------------------------------------
Test Passed.
"t_strm_reassem_cap" end time: Mar 11 13:43
"t_strm_reassem_cap" time elapsed: 00:00:00
----------------------------------------------------------

Unable to find executable: //wsl$/Ubuntu-18.04/home/yzhshiki/code/cs144_labs/cmake-build-debug/tests/byte_stream_construction.exe
26/169 Testing: t_byte_stream_construction
26/169 Test: t_byte_stream_construction
Command: ""
Directory: //wsl$/Ubuntu-18.04/home/yzhshiki/code/cs144_labs/cmake-build-debug
"t_byte_stream_construction" start time: 
Output:
----------------------------------------------------------
<end of output>
Test time =   0.00 sec
----------------------------------------------------------
Test Passed.
"t_byte_stream_construction" end time: Mar 11 13:43
"t_byte_stream_construction" time elapsed: 00:00:00
----------------------------------------------------------

Unable to find executable: //wsl$/Ubuntu-18.04/home/yzhshiki/code/cs144_labs/cmake-build-debug/tests/byte_stream_one_write.exe
27/169 Testing: t_byte_stream_one_write
27/169 Test: t_byte_stream_one_write
Command: ""
Directory: //wsl$/Ubuntu-18.04/home/yzhshiki/code/cs144_labs/cmake-build-debug
"t_byte_stream_one_write" start time: 
Output:
----------------------------------------------------------
<end of output>
Test time =   0.00 sec
----------------------------------------------------------
Test Passed.
"t_byte_stream_one_write" end time: Mar 11 13:43
"t_byte_stream_one_write" time elapsed: 00:00:00
----------------------------------------------------------

Unable to find executable: //wsl$/Ubuntu-18.04/home/yzhshiki/code/cs144_labs/cmake-build-debug/tests/byte_stream_two_writes.exe
28/169 Testing: t_byte_stream_two_writes
28/169 Test: t_byte_stream_two_writes
Command: ""
Directory: //wsl$/Ubuntu-18.04/home/yzhshiki/code/cs144_labs/cmake-build-debug
"t_byte_stream_two_writes" start time: 
Output:
----------------------------------------------------------
<end of output>
Test time =   0.00 sec
----------------------------------------------------------
Test Passed.
"t_byte_stream_two_writes" end time: Mar 11 13:43
"t_byte_stream_two_writes" time elapsed: 00:00:00
----------------------------------------------------------

Unable to find executable: //wsl$/Ubuntu-18.04/home/yzhshiki/code/cs144_labs/cmake-build-debug/tests/byte_stream_capacity.exe
29/169 Testing: t_byte_stream_capacity
29/169 Test: t_byte_stream_capacity
Command: ""
Directory: //wsl$/Ubuntu-18.04/home/yzhshiki/code/cs144_labs/cmake-build-debug
"t_byte_stream_capacity" start time: 
Output:
----------------------------------------------------------
<end of output>
Test time =   0.00 sec
----------------------------------------------------------
Test Passed.
"t_byte_stream_capacity" end time: Mar 11 13:43
"t_byte_stream_capacity" time elapsed: 00:00:00
----------------------------------------------------------

Unable to find executable: //wsl$/Ubuntu-18.04/home/yzhshiki/code/cs144_labs/cmake-build-debug/tests/byte_stream_many_writes.exe
30/169 Testing: t_byte_stream_many_writes
30/169 Test: t_byte_stream_many_writes
Command: ""
Directory: //wsl$/Ubuntu-18.04/home/yzhshiki/code/cs144_labs/cmake-build-debug
"t_byte_stream_many_writes" start time: 
Output:
----------------------------------------------------------
<end of output>
Test time =   0.00 sec
----------------------------------------------------------
Test Passed.
"t_byte_stream_many_writes" end time: Mar 11 13:43
"t_byte_stream_many_writes" time elapsed: 00:00:00
----------------------------------------------------------

Unable to find executable: //wsl$/Ubuntu-18.04/home/yzhshiki/code/cs144_labs/cmake-build-debug/doctests/address_dt.exe
53/169 Testing: t_address_dt
53/169 Test: t_address_dt
Command: ""
Directory: //wsl$/Ubuntu-18.04/home/yzhshiki/code/cs144_labs/cmake-build-debug
"t_address_dt" start time: 
Output:
----------------------------------------------------------
<end of output>
Test time =   0.00 sec
----------------------------------------------------------
Test Passed.
"t_address_dt" end time: Mar 11 13:43
"t_address_dt" time elapsed: 00:00:00
----------------------------------------------------------

Unable to find executable: //wsl$/Ubuntu-18.04/home/yzhshiki/code/cs144_labs/cmake-build-debug/doctests/parser_dt.exe
54/169 Testing: t_parser_dt
54/169 Test: t_parser_dt
Command: ""
Directory: //wsl$/Ubuntu-18.04/home/yzhshiki/code/cs144_labs/cmake-build-debug
"t_parser_dt" start time: 
Output:
----------------------------------------------------------
<end of output>
Test time =   0.00 sec
----------------------------------------------------------
Test Passed.
"t_parser_dt" end time: Mar 11 13:43
"t_parser_dt" time elapsed: 00:00:00
----------------------------------------------------------

Unable to find executable: //wsl$/Ubuntu-18.04/home/yzhshiki/code/cs144_labs/cmake-build-debug/doctests/socket_dt.exe
55/169 Testing: t_socket_dt
55/169 Test: t_socket_dt
Command: ""
Directory: //wsl$/Ubuntu-18.04/home/yzhshiki/code/cs144_labs/cmake-build-debug
"t_socket_dt" start time: 
Output:
----------------------------------------------------------
<end of output>
Test time =   0.00 sec
----------------------------------------------------------
Test Passed.
"t_socket_dt" end time: Mar 11 13:43
"t_socket_dt" time elapsed: 00:00:00
----------------------------------------------------------

End testing: Mar 11 13:43
